[debug] [2024-04-02T17:34:00.688Z] ----------------------------------------------------------------------
[debug] [2024-04-02T17:34:00.691Z] Command:       C:\Program Files\nodejs\node.exe C:\Users\Administrator\AppData\Roaming\npm\node_modules\firebase-tools\lib\bin\firebase.js init hosting
[debug] [2024-04-02T17:34:00.691Z] CLI Version:   13.6.0
[debug] [2024-04-02T17:34:00.691Z] Platform:      win32
[debug] [2024-04-02T17:34:00.691Z] Node Version:  v20.12.0
[debug] [2024-04-02T17:34:00.691Z] Time:          Wed Apr 03 2024 00:34:00 GMT+0700 (Indochina Time)
[debug] [2024-04-02T17:34:00.691Z] ----------------------------------------------------------------------
[debug] 
[debug] [2024-04-02T17:34:00.757Z] > command requires scopes: ["email","openid","https://www.googleapis.com/auth/cloudplatformprojects.readonly","https://www.googleapis.com/auth/firebase","https://www.googleapis.com/auth/cloud-platform"]
[debug] [2024-04-02T17:34:00.758Z] > authorizing via signed-in user (shiranugenma1122@gmail.com)
[info] 
     ######## #### ########  ######## ########     ###     ######  ########
     ##        ##  ##     ## ##       ##     ##  ##   ##  ##       ##
     ######    ##  ########  ######   ########  #########  ######  ######
     ##        ##  ##    ##  ##       ##     ## ##     ##       ## ##
     ##       #### ##     ## ######## ########  ##     ##  ######  ########

You're about to initialize a Firebase project in this directory:

  D:\FOLDER STANLEY LEE\amp

Before we get started, keep in mind:

  * You are initializing within an existing Firebase project directory

